This is pdfTeX, Version 3.14159265-2.6-1.40.20 (TeX Live 2019/Arch Linux) (preloaded format=pdflatex 2019.8.23)  25 AUG 2019 02:26
entering extended mode
 restricted \write18 enabled.
 %&-line parsing enabled.
**index.tex
(./index.tex
LaTeX2e <2018-12-01>
(/usr/share/texmf-dist/tex/latex/abntex2/abntex2.cls
Document Class: abntex2 2018/11/24 v-1.9.7 abnTeX2
(/usr/share/texmf-dist/tex/latex/base/ifthen.sty
Package: ifthen 2014/09/29 v1.1c Standard LaTeX ifthen package (DPC)
)
(/usr/share/texmf-dist/tex/latex/memoir/memoir.cls
Document Class: memoir 2018/12/12 v3.7h configurable book, report, article docu
ment class
\onelineskip=\skip41
\lxvchars=\skip42
\xlvchars=\skip43
\@memcnta=\count80
\c@@memmarkcntra=\count81
(/usr/share/texmf-dist/tex/generic/oberdiek/ifpdf.sty
Package: ifpdf 2018/09/07 v3.3 Provides the ifpdf switch
)
(/usr/share/texmf-dist/tex/latex/ifetex/ifetex.sty
Package: ifetex 2018/03/31 v1.2a ifetex

(/usr/share/texmf-dist/tex/plain/ifetex/ifetex.tex))
(/usr/share/texmf-dist/tex/generic/ifxetex/ifxetex.sty
Package: ifxetex 2010/09/12 v0.6 Provides ifxetex conditional
)
(/usr/share/texmf-dist/tex/generic/oberdiek/ifluatex.sty
Package: ifluatex 2016/05/16 v1.4 Provides the ifluatex switch (HO)
Package ifluatex Info: LuaTeX not detected.
)
\stockheight=\skip44
\stockwidth=\skip45
\trimtop=\skip46
\trimedge=\skip47

(/usr/share/texmf-dist/tex/latex/memoir/mem12.clo
File: mem12.clo 2010/10/19 v0.4b memoir class 12pt size option
)
\binding=\skip48
\spinemargin=\skip49
\foremargin=\skip50
\uppermargin=\skip51
\lowermargin=\skip52
\headdrop=\skip53
\normalrulethickness=\skip54
\mem@maxheadheight=\skip55
\mem@maxfootheight=\skip56
\headwidth=\skip57
\c@storedpagenumber=\count82
\memPD=\dimen102
\m@mabparskip=\skip58
\thanksmarkwidth=\skip59
\thanksmarksep=\skip60
\droptitle=\skip61
\c@book=\count83
\c@part=\count84
\c@chapter=\count85
\c@section=\count86
\c@subsection=\count87
\c@subsubsection=\count88
\c@paragraph=\count89
\c@subparagraph=\count90
\beforechapskip=\skip62
\midchapskip=\skip63
\afterchapskip=\skip64
\chapindent=\skip65
\bottomsectionskip=\skip66
\secindent=\skip67
\beforesecskip=\skip68
\aftersecskip=\skip69
\subsecindent=\skip70
\beforesubsecskip=\skip71
\aftersubsecskip=\skip72
\subsubsecindent=\skip73
\beforesubsubsecskip=\skip74
\aftersubsubsecskip=\skip75
\paraindent=\skip76
\beforeparaskip=\skip77
\afterparaskip=\skip78
\subparaindent=\skip79
\beforesubparaskip=\skip80
\aftersubparaskip=\skip81
\pfbreakskip=\skip82
\c@@ppsavesec=\count91
\c@@ppsaveapp=\count92
\ragrparindent=\dimen103
\everylistparindent=\dimen104
\parsepi=\skip83
\topsepi=\skip84
\itemsepi=\skip85
\parsepii=\skip86
\topsepii=\skip87
\topsepiii=\skip88
\itemsepii=\skip89
\itemsepiii=\skip90
\partopsepii=\skip91
\partopsepiii=\skip92
\m@msavetopsep=\skip93
\m@msavepartopsep=\skip94
\@enLab=\toks14
\abstitleskip=\skip95
\absleftindent=\skip96
\abs@leftindent=\dimen105
\absrightindent=\skip97
\absparindent=\skip98
\absparsep=\skip99
\c@vslineno=\count93
\c@poemline=\count94
\c@modulo@vs=\count95
\c@memfvsline=\count96
\vleftskip=\skip100
\vrightskip=\skip101
\stanzaskip=\skip102
\versewidth=\skip103
\vgap=\skip104
\vindent=\skip105
\vleftmargin=\dimen106
\c@verse=\count97
\c@chrsinstr=\count98
\beforepoemtitleskip=\skip106
\afterpoemtitleskip=\skip107
\c@poem=\count99
\beforePoemTitleskip=\skip108
\midPoemTitleskip=\skip109
\afterPoemTitleskip=\skip110

(/usr/share/texmf-dist/tex/latex/tools/array.sty
Package: array 2018/12/30 v2.4k Tabular extension package (FMi)
\col@sep=\dimen107
\ar@mcellbox=\box27
\extrarowheight=\dimen108
\NC@list=\toks15
\extratabsurround=\skip111
\backup@length=\skip112
\ar@cellbox=\box28
)
(/usr/share/texmf-dist/tex/latex/tools/dcolumn.sty
Package: dcolumn 2014/10/28 v1.06 decimal alignment package (DPC)
)
(/usr/share/texmf-dist/tex/latex/tools/delarray.sty
Package: delarray 2014/10/28 v1.01 array delimiter package (DPC)
)
(/usr/share/texmf-dist/tex/latex/tools/tabularx.sty
Package: tabularx 2016/02/03 v2.11b `tabularx' package (DPC)
\TX@col@width=\dimen109
\TX@old@table=\dimen110
\TX@old@col=\dimen111
\TX@target=\dimen112
\TX@delta=\dimen113
\TX@cols=\count100
\TX@ftn=\toks16
)
\heavyrulewidth=\dimen114
\lightrulewidth=\dimen115
\cmidrulewidth=\dimen116
\belowrulesep=\dimen117
\belowbottomsep=\dimen118
\aboverulesep=\dimen119
\abovetopsep=\dimen120
\cmidrulesep=\dimen121
\cmidrulekern=\dimen122
\defaultaddspace=\dimen123
\@cmidla=\count101
\@cmidlb=\count102
\@aboverulesep=\dimen124
\@belowrulesep=\dimen125
\@thisruleclass=\count103
\@lastruleclass=\count104
\@thisrulewidth=\dimen126
\ctableftskip=\skip113
\ctabrightskip=\skip114
\abovecolumnspenalty=\count105
\@linestogo=\count106
\@cellstogo=\count107
\@cellsincolumn=\count108
\crtok=\toks17
\@mincolumnwidth=\dimen127
\c@newflo@tctr=\count109
\mem@margin@floatbox=\box29
\@contcwidth=\skip115
\@contindw=\skip116
\abovecaptionskip=\skip117
\belowcaptionskip=\skip118
\subfloattopskip=\skip119
\subfloatcapskip=\skip120
\subfloatcaptopadj=\skip121
\subfloatbottomskip=\skip122
\subfloatlabelskip=\skip123
\subfloatcapmargin=\dimen128
\c@@contsubnum=\count110
\m@mscap@capbox=\box30
\m@mscap@fbox=\box31
\sidecapsep=\dimen129
\sidecapwidth=\dimen130
\m@m@tempdima=\dimen131
\m@mscapraise=\dimen132
\sidecapraise=\dimen133
\m@mscapmainwidth=\dimen134
\m@mscaplkern=\dimen135
\beforeepigraphskip=\skip124
\afterepigraphskip=\skip125
\epigraphwidth=\skip126
\epigraphrule=\skip127
LaTeX Info: Redefining \em on input line 7592.
LaTeX Info: Redefining \emph on input line 7600.
\tocentryskip=\skip128
\tocbaseline=\skip129
\cftparskip=\skip130
\cftbeforebookskip=\skip131
\cftbookindent=\dimen136
\cftbooknumwidth=\dimen137
\cftbeforepartskip=\skip132
\cftpartindent=\skip133
\cftpartnumwidth=\skip134
\cftbeforechapterskip=\skip135
\cftchapterindent=\skip136
\cftchapternumwidth=\skip137
\cftbeforesectionskip=\skip138
\cftsectionindent=\skip139
\cftsectionnumwidth=\skip140
\cftbeforesubsectionskip=\skip141
\cftsubsectionindent=\skip142
\cftsubsectionnumwidth=\skip143
\cftbeforesubsubsectionskip=\skip144
\cftsubsubsectionindent=\skip145
\cftsubsubsectionnumwidth=\skip146
\cftbeforeparagraphskip=\skip147
\cftparagraphindent=\skip148
\cftparagraphnumwidth=\skip149
\cftbeforesubparagraphskip=\skip150
\cftsubparagraphindent=\skip151
\cftsubparagraphnumwidth=\skip152
\prechapterprecisshift=\dimen138
\c@maxsecnumdepth=\count111
\bibindent=\dimen139
\bibitemsep=\skip153
\indexcolsep=\skip154
\indexrule=\skip155
\indexmarkstyle=\toks18
\@indexbox=\insert199
\glossarycolsep=\dimen140
\glossaryrule=\dimen141
\sideparvshift=\skip156
\sideins=\insert198
\sidebartopsep=\skip157
\sidebarhsep=\skip158
\sidebarvsep=\skip159
\sidebarwidth=\skip160
\footmarkwidth=\skip161
\footmarksep=\skip162
\footparindent=\skip163
\footinsdim=\skip164
\footinsv@r=\insert197
\@mpfootinsv@r=\insert196
\m@m@k=\count112
\m@m@h=\dimen142
\m@mipn@skip=\skip165
\sidefootins=\insert195
\sidefootadjust=\skip166
\sidefootheight=\skip167
\sidefoothsep=\skip168
\sidefootvsep=\skip169
\sidefootwidth=\skip170
\m@mdownsf=\skip171
\c@sidefootnote=\count113
\sidefootmarkwidth=\skip172
\sidefootmarksep=\skip173
\sidefootparindent=\skip174
\c@pagenote=\count114
\c@pagenoteshadow=\count115
\mem@pn@lastkern=\skip175
\every@verbatim=\toks19
\afterevery@verbatim=\toks20
\verbatim@line=\toks21
\tab@position=\count116
\verbatim@in@stream=\read1
\verbatimindent=\skip176
\verbatim@out=\write3
\bvboxsep=\skip177
\c@memfbvline=\count117
\c@bvlinectr=\count118
\bvnumlength=\skip178
\fb@frw=\dimen143
\fb@frh=\dimen144
\FrameRule=\dimen145
\FrameSep=\dimen146
\c@cp@cntr=\count119
LaTeX Info: Redefining \: on input line 12114.
LaTeX Info: Redefining \! on input line 12116.
\c@ism@mctr=\count120
\c@xsm@mctr=\count121
\c@csm@mctr=\count122
\c@ksm@mctr=\count123
\c@xksm@mctr=\count124
\c@cksm@mctr=\count125
\c@msm@mctr=\count126
\c@xmsm@mctr=\count127
\c@cmsm@mctr=\count128
\c@bsm@mctr=\count129
\c@workm@mctr=\count130
\c@sheetsequence=\count131
\c@lastsheet=\count132
\c@lastpage=\count133
\c@figure=\count134
\c@lofdepth=\count135
\cftbeforefigureskip=\skip179
\cftfigureindent=\skip180
\cftfigurenumwidth=\skip181
\c@table=\count136
\c@lotdepth=\count137
\cftbeforetableskip=\skip182
\cfttableindent=\skip183
\cfttablenumwidth=\skip184
Package abstract [2008/07/23] emulated by memoir.
Package appendix [2008/07/23] emulated by memoir.
Package booktabs [2016/05/16] emulated by memoir.
Package ccaption [2008/07/23] emulated by memoir.
Package changepage [2008/07/23] emulated by memoir.
Package chngcntr [2008/07/23] emulated by memoir.
Package chngpage [2008/07/23] emulated by memoir.
Package crop emulated by memoir.
Package enumerate [2008/07/23] emulated by memoir.
Package epigraph [2008/07/23] emulated by memoir.
Package ifmtarg [2008/07/23] emulated by memoir.
Package index [2008/07/23] emulated by memoir.
Package makeidx [2008/07/23] emulated by memoir.
Package moreverb [2008/07/23] emulated by memoir.
Package mparhack [2008/07/23] emulated by memoir.
Package needspace [2008/07/23] emulated by memoir.
Package newfile [2008/07/23] emulated by memoir.
Package nextpage [2008/07/23] emulated by memoir.
Package pagenote [2008/07/23] emulated by memoir.
Package parskip [2008/07/23] emulated by memoir.
Package patchcmd [2008/07/23] emulated by memoir.
Package setspace [2008/07/23] emulated by memoir.
Package shortvrb [2008/07/23] emulated by memoir.
Package showidx [2008/07/23] emulated by memoir.
Package titleref [2008/07/23] emulated by memoir.
Package titling [2008/07/23] emulated by memoir.
Package tocbibind [2008/07/23] emulated by memoir.
Package tocloft [2008/07/23] emulated by memoir.
Package tocvsec2 [2008/07/23] emulated by memoir.
Package verbatim [2008/07/23] emulated by memoir.
Package verse [2008/07/23] emulated by memoir.
)
(/usr/share/texmf-dist/tex/latex/textcase/textcase.sty
Package: textcase 2004/10/07 v0.07 Text only upper/lower case changing (DPC)
LaTeX Info: Redefining \MakeTextUppercase on input line 47.
LaTeX Info: Redefining \MakeTextLowercase on input line 50.
)
(/usr/share/texmf-dist/tex/latex/hyperref/hyperref.sty
Package: hyperref 2018/11/30 v6.88e Hypertext links for LaTeX

(/usr/share/texmf-dist/tex/generic/oberdiek/hobsub-hyperref.sty
Package: hobsub-hyperref 2016/05/16 v1.14 Bundle oberdiek, subset hyperref (HO)


(/usr/share/texmf-dist/tex/generic/oberdiek/hobsub-generic.sty
Package: hobsub-generic 2016/05/16 v1.14 Bundle oberdiek, subset generic (HO)
Package: hobsub 2016/05/16 v1.14 Construct package bundles (HO)
Package: infwarerr 2016/05/16 v1.4 Providing info/warning/error messages (HO)
Package: ltxcmds 2016/05/16 v1.23 LaTeX kernel commands for general use (HO)
Package hobsub Info: Skipping package `ifluatex' (already loaded).
Package: ifvtex 2016/05/16 v1.6 Detect VTeX and its facilities (HO)
Package ifvtex Info: VTeX not detected.
Package: intcalc 2016/05/16 v1.2 Expandable calculations with integers (HO)
Package hobsub Info: Skipping package `ifpdf' (already loaded).
Package: etexcmds 2016/05/16 v1.6 Avoid name clashes with e-TeX commands (HO)
Package: kvsetkeys 2016/05/16 v1.17 Key value parser (HO)
Package: kvdefinekeys 2016/05/16 v1.4 Define keys (HO)
Package: pdftexcmds 2018/09/10 v0.29 Utility functions of pdfTeX for LuaTeX (HO
)
Package pdftexcmds Info: LuaTeX not detected.
Package pdftexcmds Info: \pdf@primitive is available.
Package pdftexcmds Info: \pdf@ifprimitive is available.
Package pdftexcmds Info: \pdfdraftmode found.
Package: pdfescape 2016/05/16 v1.14 Implements pdfTeX's escape features (HO)
Package: bigintcalc 2016/05/16 v1.4 Expandable calculations on big integers (HO
)
Package: bitset 2016/05/16 v1.2 Handle bit-vector datatype (HO)
Package: uniquecounter 2016/05/16 v1.3 Provide unlimited unique counter (HO)
)
Package hobsub Info: Skipping package `hobsub' (already loaded).
Package: letltxmacro 2016/05/16 v1.5 Let assignment for LaTeX macros (HO)
Package: hopatch 2016/05/16 v1.3 Wrapper for package hooks (HO)
Package: xcolor-patch 2016/05/16 xcolor patch
Package: atveryend 2016/05/16 v1.9 Hooks at the very end of document (HO)
Package atveryend Info: \enddocument detected (standard20110627).
Package: atbegshi 2016/06/09 v1.18 At begin shipout hook (HO)
Package: refcount 2016/05/16 v3.5 Data extraction from label references (HO)
Package: hycolor 2016/05/16 v1.8 Color options for hyperref/bookmark (HO)
)
(/usr/share/texmf-dist/tex/latex/graphics/keyval.sty
Package: keyval 2014/10/28 v1.15 key=value parser (DPC)
\KV@toks@=\toks22
)
(/usr/share/texmf-dist/tex/latex/oberdiek/auxhook.sty
Package: auxhook 2016/05/16 v1.4 Hooks for auxiliary files (HO)
)
(/usr/share/texmf-dist/tex/latex/oberdiek/kvoptions.sty
Package: kvoptions 2016/05/16 v3.12 Key value format for package options (HO)
)
\@linkdim=\dimen147
\Hy@linkcounter=\count138
\Hy@pagecounter=\count139

(/usr/share/texmf-dist/tex/latex/hyperref/pd1enc.def
File: pd1enc.def 2018/11/30 v6.88e Hyperref: PDFDocEncoding definition (HO)
Now handling font encoding PD1 ...
... no UTF-8 mapping file for font encoding PD1
)
\Hy@SavedSpaceFactor=\count140

(/usr/share/texmf-dist/tex/latex/latexconfig/hyperref.cfg
File: hyperref.cfg 2002/06/06 v1.2 hyperref configuration of TeXLive
)
Package hyperref Info: Hyper figures OFF on input line 4519.
Package hyperref Info: Link nesting OFF on input line 4524.
Package hyperref Info: Hyper index ON on input line 4527.
Package hyperref Info: Plain pages OFF on input line 4534.
Package hyperref Info: Backreferencing OFF on input line 4539.
Package hyperref Info: Implicit mode ON; LaTeX internals redefined.
Package hyperref Info: Bookmarks ON on input line 4772.
\c@Hy@tempcnt=\count141

(/usr/share/texmf-dist/tex/latex/url/url.sty
\Urlmuskip=\muskip10
Package: url 2013/09/16  ver 3.4  Verb mode for urls, etc.
)
LaTeX Info: Redefining \url on input line 5125.
\XeTeXLinkMargin=\dimen148
\Fld@menulength=\count142
\Field@Width=\dimen149
\Fld@charsize=\dimen150
Package hyperref Info: Hyper figures OFF on input line 6380.
Package hyperref Info: Link nesting OFF on input line 6385.
Package hyperref Info: Hyper index ON on input line 6388.
Package hyperref Info: backreferencing OFF on input line 6395.
Package hyperref Info: Link coloring OFF on input line 6400.
Package hyperref Info: Link coloring with OCG OFF on input line 6405.
Package hyperref Info: PDF/A mode OFF on input line 6410.
LaTeX Info: Redefining \ref on input line 6450.
LaTeX Info: Redefining \pageref on input line 6454.
\Hy@abspage=\count143
\c@Item=\count144
\c@Hfootnote=\count145
)
(/usr/share/texmf-dist/tex/latex/memoir/memhfixc.sty
Package: memhfixc 2013/05/30 v1.17 nameref/hyperref package fixes for memoir cl
ass
\c@memhycontfloat=\count146
\c@Hpagenote=\count147
)
Package hyperref Info: Driver (autodetected): hpdftex.

(/usr/share/texmf-dist/tex/latex/hyperref/hpdftex.def
File: hpdftex.def 2018/11/30 v6.88e Hyperref driver for pdfTeX
\Fld@listcount=\count148
\c@bookmark@seq@number=\count149

(/usr/share/texmf-dist/tex/latex/oberdiek/rerunfilecheck.sty
Package: rerunfilecheck 2016/05/16 v1.8 Rerun checks for auxiliary files (HO)
Package uniquecounter Info: New unique counter `rerunfilecheck' on input line 2
82.
)
\Hy@SectionHShift=\skip185
)
(/usr/share/texmf-dist/tex/latex/oberdiek/bookmark.sty
Package: bookmark 2016/05/17 v1.26 PDF bookmarks (HO)

(/usr/share/texmf-dist/tex/latex/oberdiek/bkm-pdftex.def
File: bkm-pdftex.def 2016/05/17 v1.26 bookmark driver for pdfTeX (HO)
\BKM@id=\count150
))
(/usr/share/texmf-dist/tex/generic/babel/babel.sty
Package: babel 2019/04/03 3.29 The Babel package

(/usr/share/texmf-dist/tex/generic/babel/switch.def
File: switch.def 2019/04/03 3.29 Babel switching mechanism
)
(/usr/share/texmf-dist/tex/generic/babel-english/english.ldf
Language: english 2017/06/06 v3.3r English support from the babel system

(/usr/share/texmf-dist/tex/generic/babel/babel.def
File: babel.def 2019/04/03 3.29 Babel common definitions
\babel@savecnt=\count151
\U@D=\dimen151

(/usr/share/texmf-dist/tex/generic/babel/txtbabel.def)
\bbl@dirlevel=\count152
)
\l@canadian = a dialect from \language\l@american 
\l@australian = a dialect from \language\l@british 
\l@newzealand = a dialect from \language\l@british 
)
(/usr/share/texmf-dist/tex/generic/babel-french/french.ldf
Language: french 2019/03/30 v3.5e French support from the babel system
\l@acadian = a dialect from \language\l@french 
\FB@nonchar=\count153
Package babel Info: Making : an active character on input line 414.
Package babel Info: Making ; an active character on input line 415.
Package babel Info: Making ! an active character on input line 416.
Package babel Info: Making ? an active character on input line 417.
\FBguill@level=\count154
\FBold@everypar=\toks23
\FB@Mht=\dimen152
\mc@charclass=\count155
\mc@charfam=\count156
\mc@charslot=\count157
\std@mcc=\count158
\dec@mcc=\count159
\c@FBcaption@count=\count160
\listindentFB=\dimen153
\descindentFB=\dimen154
\labelindentFB=\dimen155
\labelwidthFB=\dimen156
\leftmarginFB=\dimen157
\parindentFFN=\dimen158
\FBfnindent=\dimen159
)
(/usr/share/texmf-dist/tex/generic/babel-spanish/spanish.ldf
Language: spanish.ldf 2016/03/03 v5.0p Spanish support from the babel system
\es@quottoks=\toks24
\es@quotdepth=\count161
Package babel Info: Making " an active character on input line 561.
Package babel Info: Making . an active character on input line 662.
Package babel Info: Making < an active character on input line 707.
Package babel Info: Making > an active character on input line 707.
)
(/usr/share/texmf-dist/tex/generic/babel-portuges/portuges.ldf
Language: portuges 2008/03/18 v1.2q Portuguese support from the babel system
\l@brazil = a dialect from \language\l@portuges 
))
(/usr/share/texmf-dist/tex/latex/carlisle/scalefnt.sty)
(/usr/share/texmf-dist/tex/latex/enumitem/enumitem.sty
Package: enumitem 2019/02/04 v3.8 Customized lists
\labelindent=\skip186
\enit@outerparindent=\dimen160
\enit@toks=\toks25
\enit@inbox=\box32
\enit@count@id=\count162
\enitdp@description=\count163
)
(/usr/share/texmf-dist/tex/latex/tools/calc.sty
Package: calc 2017/05/25 v4.3 Infix arithmetic (KKT,FJ)
\calc@Acount=\count164
\calc@Bcount=\count165
\calc@Adimen=\dimen161
\calc@Bdimen=\dimen162
\calc@Askip=\skip187
\calc@Bskip=\skip188
LaTeX Info: Redefining \setlength on input line 80.
LaTeX Info: Redefining \addtolength on input line 81.
\calc@Ccount=\count166
\calc@Cskip=\skip189
)

******************************************************
Stock height and width: 845.04684pt by 597.50787pt
Top and edge trims: 0pt and 0pt
Page height and width: 845.04684pt by 597.50787pt
Text height and width: 708pt by 455pt
Spine and edge margins: 85.35826pt and 56.9055pt
Upper and lower margins: 85.35826pt and 51.68858pt
Headheight and headsep: 14.5pt and 19.8738pt
Footskip: 30pt
Columnsep and columnseprule: 10pt and 0pt
Marginparsep and marginparwidth: 7pt and 42.9055pt
Sidecapsep and sidecapwidth: 7pt and 42pt
Sidebarhsep and sidebarwidth: 7pt and 42pt
Sidebarvsep and sidebartopsep: 14.5pt and 0pt
Sidebarheight: 590.14995pt
Sidefoothsep and sidefootwidth: 7pt and 42pt
Sidefootvsep and sidefootheight: 14.5pt and 590.14995pt
******************************************************

\c@abntex@bookmarkcounter=\count167
\cftlastnumwidth=\skip190
\chapternamenumlength=\skip191
\ABNTEXcitacaorecuo=\skip192
\c@alineasi=\count168
\c@alineasii=\count169
\enitdp@alineas=\count170
\c@subalineasi=\count171
\enitdp@subalineas=\count172
\c@incisosi=\count173
\enitdp@incisos=\count174
\ABNTEXsignwidth=\skip193
\ABNTEXsignthickness=\skip194
\ABNTEXsignskip=\skip256
) (/usr/share/texmf-dist/tex/latex/lm/lmodern.sty
Package: lmodern 2009/10/30 v1.6 Latin Modern Fonts
LaTeX Font Info:    Overwriting symbol font `operators' in version `normal'
(Font)                  OT1/cmr/m/n --> OT1/lmr/m/n on input line 22.
LaTeX Font Info:    Overwriting symbol font `letters' in version `normal'
(Font)                  OML/cmm/m/it --> OML/lmm/m/it on input line 23.
LaTeX Font Info:    Overwriting symbol font `symbols' in version `normal'
(Font)                  OMS/cmsy/m/n --> OMS/lmsy/m/n on input line 24.
LaTeX Font Info:    Overwriting symbol font `largesymbols' in version `normal'
(Font)                  OMX/cmex/m/n --> OMX/lmex/m/n on input line 25.
LaTeX Font Info:    Overwriting symbol font `operators' in version `bold'
(Font)                  OT1/cmr/bx/n --> OT1/lmr/bx/n on input line 26.
LaTeX Font Info:    Overwriting symbol font `letters' in version `bold'
(Font)                  OML/cmm/b/it --> OML/lmm/b/it on input line 27.
LaTeX Font Info:    Overwriting symbol font `symbols' in version `bold'
(Font)                  OMS/cmsy/b/n --> OMS/lmsy/b/n on input line 28.
LaTeX Font Info:    Overwriting symbol font `largesymbols' in version `bold'
(Font)                  OMX/cmex/m/n --> OMX/lmex/m/n on input line 29.
LaTeX Font Info:    Overwriting math alphabet `\mathbf' in version `normal'
(Font)                  OT1/cmr/bx/n --> OT1/lmr/bx/n on input line 31.
LaTeX Font Info:    Overwriting math alphabet `\mathsf' in version `normal'
(Font)                  OT1/cmss/m/n --> OT1/lmss/m/n on input line 32.
LaTeX Font Info:    Overwriting math alphabet `\mathit' in version `normal'
(Font)                  OT1/cmr/m/it --> OT1/lmr/m/it on input line 33.
LaTeX Font Info:    Overwriting math alphabet `\mathtt' in version `normal'
(Font)                  OT1/cmtt/m/n --> OT1/lmtt/m/n on input line 34.
LaTeX Font Info:    Overwriting math alphabet `\mathbf' in version `bold'
(Font)                  OT1/cmr/bx/n --> OT1/lmr/bx/n on input line 35.
LaTeX Font Info:    Overwriting math alphabet `\mathsf' in version `bold'
(Font)                  OT1/cmss/bx/n --> OT1/lmss/bx/n on input line 36.
LaTeX Font Info:    Overwriting math alphabet `\mathit' in version `bold'
(Font)                  OT1/cmr/bx/it --> OT1/lmr/bx/it on input line 37.
LaTeX Font Info:    Overwriting math alphabet `\mathtt' in version `bold'
(Font)                  OT1/cmtt/m/n --> OT1/lmtt/m/n on input line 38.
)
(/usr/share/texmf-dist/tex/latex/base/fontenc.sty
Package: fontenc 2018/08/11 v2.0j Standard LaTeX package

(/usr/share/texmf-dist/tex/latex/base/t1enc.def
File: t1enc.def 2018/08/11 v2.0j Standard LaTeX file
LaTeX Font Info:    Redeclaring font encoding T1 on input line 48.
))
(/usr/share/texmf-dist/tex/latex/base/inputenc.sty
Package: inputenc 2018/08/11 v1.3c Input encoding file
\inpenc@prehook=\toks26
\inpenc@posthook=\toks27
)
(/usr/share/texmf-dist/tex/latex/lastpage/lastpage.sty
Package: lastpage 2015/03/29 v1.2m Refers to last page's name (HMM; JPG)
)
(/usr/share/texmf-dist/tex/latex/tools/indentfirst.sty
Package: indentfirst 1995/11/23 v1.03 Indent first paragraph (DPC)
)
(/usr/share/texmf-dist/tex/latex/graphics/color.sty
Package: color 2016/07/10 v1.1e Standard LaTeX Color (DPC)

(/usr/share/texmf-dist/tex/latex/graphics-cfg/color.cfg
File: color.cfg 2016/01/02 v1.6 sample color configuration
)
Package color Info: Driver file: pdftex.def on input line 147.

(/usr/share/texmf-dist/tex/latex/graphics-def/pdftex.def
File: pdftex.def 2018/01/08 v1.0l Graphics/color driver for pdftex
))
(/usr/share/texmf-dist/tex/latex/graphics/graphicx.sty
Package: graphicx 2017/06/01 v1.1a Enhanced LaTeX Graphics (DPC,SPQR)

(/usr/share/texmf-dist/tex/latex/graphics/graphics.sty
Package: graphics 2017/06/25 v1.2c Standard LaTeX Graphics (DPC,SPQR)

(/usr/share/texmf-dist/tex/latex/graphics/trig.sty
Package: trig 2016/01/03 v1.10 sin cos tan (DPC)
)
(/usr/share/texmf-dist/tex/latex/graphics-cfg/graphics.cfg
File: graphics.cfg 2016/06/04 v1.11 sample graphics configuration
)
Package graphics Info: Driver file: pdftex.def on input line 99.
)
\Gin@req@height=\dimen163
\Gin@req@width=\dimen164
)
(/usr/share/texmf-dist/tex/latex/microtype/microtype.sty
Package: microtype 2019/02/28 v2.7b Micro-typographical refinements (RS)
\MT@toks=\toks28
\MT@count=\count175
LaTeX Info: Redefining \textls on input line 790.
\MT@outer@kern=\dimen165
LaTeX Info: Redefining \textmicrotypecontext on input line 1336.
\MT@listname@count=\count176

(/usr/share/texmf-dist/tex/latex/microtype/microtype-pdftex.def
File: microtype-pdftex.def 2019/02/28 v2.7b Definitions specific to pdftex (RS)

LaTeX Info: Redefining \lsstyle on input line 914.
LaTeX Info: Redefining \lslig on input line 914.
\MT@outer@space=\skip257
)
Package microtype Info: Loading configuration file microtype.cfg.

(/usr/share/texmf-dist/tex/latex/microtype/microtype.cfg
File: microtype.cfg 2019/02/28 v2.7b microtype main configuration file (RS)
)) (./facens.sty

LaTeX Warning: You have requested package `facens',
               but the package provides `abntex2novopacote'.

Package: abntex2novopacote 2014/09/01 Criacao desta customizacao do abnTeX2
(/usr/share/texmf-dist/tex/latex/psnfss/helvet.sty
Package: helvet 2005/04/12 PSNFSS-v9.2a (WaS) 
)

Class memoir Warning: You are using the caption package with the memoir class. 
To prepare we will now reset all captioning macros and configurations to kernel
 defaults, and then let the caption package take over. Please remember to use
 the caption package interfaces in order to
 configure your captions.

(/usr/share/texmf-dist/tex/latex/caption/caption.sty
Package: caption 2018/10/06 v3.3-154 Customizing captions (AR)

(/usr/share/texmf-dist/tex/latex/caption/caption3.sty
Package: caption3 2018/09/12 v1.8c caption3 kernel (AR)
Package caption3 Info: TeX engine: e-TeX on input line 64.
\captionmargin=\dimen166
\captionmargin@=\dimen167
\captionwidth=\dimen168
\caption@tempdima=\dimen169
\caption@indent=\dimen170
\caption@parindent=\dimen171
\caption@hangindent=\dimen172
)
\c@caption@flags=\count177
\c@ContinuedFloat=\count178
Package caption Info: hyperref package is loaded.
)
\c@quadro=\count179
\c@loqdepth=\count180
\cftbeforequadroskip=\skip258
\cftquadroindent=\skip259
\cftquadronumwidth=\skip260
)
(/usr/share/texmf-dist/tex/latex/pdfpages/pdfpages.sty
Package: pdfpages 2017/10/31 v0.5l Insert pages of external PDF documents (AM)

(/usr/share/texmf-dist/tex/latex/eso-pic/eso-pic.sty
Package: eso-pic 2018/04/12 v2.0h eso-pic (RN)
)
\AM@pagewidth=\dimen173
\AM@pageheight=\dimen174

(/usr/share/texmf-dist/tex/latex/pdfpages/pppdftex.def
File: pppdftex.def 2017/10/31 v0.5l Pdfpages driver for pdfTeX (AM)
)
\AM@pagebox=\box33
\AM@global@opts=\toks29
\AM@toc@title=\toks30
\c@AM@survey=\count181
\AM@templatesizebox=\box34
)
(/usr/share/texmf-dist/tex/latex/lipsum/lipsum.sty
(/usr/share/texmf-dist/tex/latex/l3kernel/expl3.sty
Package: expl3 2019-04-06 L3 programming layer (loader) 

(/usr/share/texmf-dist/tex/latex/l3kernel/expl3-code.tex
Package: expl3 2019-04-06 L3 programming layer (code)
\c_max_int=\count182
\l_tmpa_int=\count183
\l_tmpb_int=\count184
\g_tmpa_int=\count185
\g_tmpb_int=\count186
\g__kernel_prg_map_int=\count187
\c__ior_term_ior=\count188
\c_log_iow=\count189
\l_iow_line_count_int=\count190
\l__iow_line_target_int=\count191
\l__iow_one_indent_int=\count192
\l__iow_indent_int=\count193
\c_zero_dim=\dimen175
\c_max_dim=\dimen176
\l_tmpa_dim=\dimen177
\l_tmpb_dim=\dimen178
\g_tmpa_dim=\dimen179
\g_tmpb_dim=\dimen180
\c_zero_skip=\skip261
\c_max_skip=\skip262
\l_tmpa_skip=\skip263
\l_tmpb_skip=\skip264
\g_tmpa_skip=\skip265
\g_tmpb_skip=\skip266
\c_zero_muskip=\muskip11
\c_max_muskip=\muskip12
\l_tmpa_muskip=\muskip13
\l_tmpb_muskip=\muskip14
\g_tmpa_muskip=\muskip15
\g_tmpb_muskip=\muskip16
\l_keys_choice_int=\count194
\l__intarray_loop_int=\count266
\c__intarray_sp_dim=\dimen181
\g__intarray_font_int=\count267
\c__fp_leading_shift_int=\count268
\c__fp_middle_shift_int=\count269
\c__fp_trailing_shift_int=\count270
\c__fp_big_leading_shift_int=\count271
\c__fp_big_middle_shift_int=\count272
\c__fp_big_trailing_shift_int=\count273
\c__fp_Bigg_leading_shift_int=\count274
\c__fp_Bigg_middle_shift_int=\count275
\c__fp_Bigg_trailing_shift_int=\count276
\c__kernel_randint_max_int=\count277
\g__fp_array_int=\count278
\l__fp_array_loop_int=\count279
\l__sort_length_int=\count280
\l__sort_min_int=\count281
\l__sort_top_int=\count282
\l__sort_max_int=\count283
\l__sort_true_max_int=\count284
\l__sort_block_int=\count285
\l__sort_begin_int=\count286
\l__sort_end_int=\count287
\l__sort_A_int=\count288
\l__sort_B_int=\count289
\l__sort_C_int=\count290
\l__tl_analysis_normal_int=\count291
\l__tl_analysis_index_int=\count292
\l__tl_analysis_nesting_int=\count293
\l__tl_analysis_type_int=\count294
\l__regex_internal_a_int=\count295
\l__regex_internal_b_int=\count296
\l__regex_internal_c_int=\count297
\l__regex_balance_int=\count298
\l__regex_group_level_int=\count299
\l__regex_mode_int=\count300
\c__regex_cs_in_class_mode_int=\count301
\c__regex_cs_mode_int=\count302
\l__regex_catcodes_int=\count303
\l__regex_default_catcodes_int=\count304
\c__regex_catcode_D_int=\count305
\c__regex_catcode_S_int=\count306
\c__regex_catcode_L_int=\count307
\c__regex_catcode_O_int=\count308
\c__regex_catcode_A_int=\count309
\c__regex_all_catcodes_int=\count310
\l__regex_show_lines_int=\count311
\l__regex_min_state_int=\count312
\l__regex_max_state_int=\count313
\l__regex_left_state_int=\count314
\l__regex_right_state_int=\count315
\l__regex_capturing_group_int=\count316
\l__regex_min_pos_int=\count317
\l__regex_max_pos_int=\count318
\l__regex_curr_pos_int=\count319
\l__regex_start_pos_int=\count320
\l__regex_success_pos_int=\count321
\l__regex_curr_char_int=\count322
\l__regex_curr_catcode_int=\count323
\l__regex_last_char_int=\count324
\l__regex_case_changed_char_int=\count325
\l__regex_curr_state_int=\count326
\l__regex_step_int=\count327
\l__regex_min_active_int=\count328
\l__regex_max_active_int=\count329
\l__regex_replacement_csnames_int=\count330
\l__regex_match_count_int=\count331
\l__regex_min_submatch_int=\count332
\l__regex_submatch_int=\count333
\l__regex_zeroth_submatch_int=\count334
\g__regex_trace_regex_int=\count335
\c_empty_box=\box35
\l_tmpa_box=\box36
\l_tmpb_box=\box37
\g_tmpa_box=\box38
\g_tmpb_box=\box39
\l__box_top_dim=\dimen182
\l__box_bottom_dim=\dimen183
\l__box_left_dim=\dimen184
\l__box_right_dim=\dimen185
\l__box_top_new_dim=\dimen186
\l__box_bottom_new_dim=\dimen187
\l__box_left_new_dim=\dimen188
\l__box_right_new_dim=\dimen189
\l__box_internal_box=\box40
\l__coffin_internal_box=\box41
\l__coffin_internal_dim=\dimen190
\l__coffin_offset_x_dim=\dimen191
\l__coffin_offset_y_dim=\dimen192
\l__coffin_x_dim=\dimen193
\l__coffin_y_dim=\dimen194
\l__coffin_x_prime_dim=\dimen256
\l__coffin_y_prime_dim=\dimen257
\c_empty_coffin=\box42
\l__coffin_aligned_coffin=\box43
\l__coffin_aligned_internal_coffin=\box44
\l_tmpa_coffin=\box45
\l_tmpb_coffin=\box46
\g_tmpa_coffin=\box47
\g_tmpb_coffin=\box48
\l__coffin_bounding_shift_dim=\dimen258
\l__coffin_left_corner_dim=\dimen259
\l__coffin_right_corner_dim=\dimen260
\l__coffin_bottom_corner_dim=\dimen261
\l__coffin_top_corner_dim=\dimen262
\l__coffin_scaled_total_height_dim=\dimen263
\l__coffin_scaled_width_dim=\dimen264
\c__coffin_empty_coffin=\box49
\l__coffin_display_coffin=\box50
\l__coffin_display_coord_coffin=\box51
\l__coffin_display_pole_coffin=\box52
\l__coffin_display_offset_dim=\dimen265
\l__coffin_display_x_dim=\dimen266
\l__coffin_display_y_dim=\dimen267
\g__file_internal_ior=\read2
\l__seq_internal_a_int=\count336
\l__seq_internal_b_int=\count337
\c__deprecation_minus_one=\count338
)
(/usr/share/texmf-dist/tex/latex/l3kernel/l3pdfmode.def
File: l3pdfmode.def 2019-04-06 v L3 Experimental driver: PDF mode
\l__driver_color_stack_int=\count339
))
(/usr/share/texmf-dist/tex/latex/l3packages/xparse/xparse.sty
Package: xparse 2019-03-05 L3 Experimental document command parser
\l__xparse_current_arg_int=\count340
\g__xparse_grabber_int=\count341
\l__xparse_m_args_int=\count342
\l__xparse_v_nesting_int=\count343
)
Package: lipsum 2019/01/02 v2.2 150 paragraphs of Lorem Ipsum dummy text

(/usr/share/texmf-dist/tex/latex/lipsum/lipsum.ltd.tex
File: lipsum.ltd.tex 2019/01/02 v2.2 The Lorem ipsum dummy text
))
(/usr/share/texmf-dist/tex/latex/abntex2/abntex2cite.sty
Package: abntex2cite 2018/11/24 v-1.9.7 abnTeX2

(/usr/share/texmf-dist/tex/latex/abntex2/abntex2abrev.sty)
\minimumbiblabelwidth=\skip267
\ABCIauxlen=\skip268
\c@ABCIaux=\count344
\c@ABCImax=\count345

(/usr/share/texmf-dist/tex/latex/relsize/relsize.sty
Package: relsize 2013/03/29 ver 4.1
)
\biblabelsep=\skip269
LaTeX Info: Redefining \newblock on input line 591.
LaTeX Info: Redefining \cite on input line 618.
\ABCItoken=\toks31
)
(/usr/share/texmf-dist/tex/latex/listings/listings.sty
\lst@mode=\count346
\lst@gtempboxa=\box53
\lst@token=\toks32
\lst@length=\count347
\lst@currlwidth=\dimen268
\lst@column=\count348
\lst@pos=\count349
\lst@lostspace=\dimen269
\lst@width=\dimen270
\lst@newlines=\count350
\lst@lineno=\count351
\lst@maxwidth=\dimen271

(/usr/share/texmf-dist/tex/latex/listings/lstmisc.sty
File: lstmisc.sty 2019/02/27 1.8b (Carsten Heinz)
\c@lstnumber=\count352
\lst@skipnumbers=\count353
\lst@framebox=\box54
)
(/usr/share/texmf-dist/tex/latex/listings/listings.cfg
File: listings.cfg 2019/02/27 1.8b listings configuration
))
Package: listings 2019/02/27 1.8b (Carsten Heinz)
Package color Info: Redefining color blue on input line 131.
Package hyperref Info: Option `colorlinks' set `false' on input line 148.
\index@idxfile=\write4
\openout4 = `index.idx'.


Writing index file index.idx 
(./index.aux (./pre-textuais/agradecimentos.aux)
(./pre-textuais/agradecimentosgabs.aux) (./pre-textuais/epigrafe.aux)
(./pre-textuais/resumo/pt_Br.aux) (./pre-textuais/resumo/en.aux)
(./pre-textuais/lista-ilustracoes.aux)
(./pre-textuais/lista-abreviaturas-siglas.aux) (./pre-textuais/sumario.aux)
(./textuais/introducao.aux) (./textuais/capitulos/capitulo1.aux)
(./textuais/capitulos/capitulo2.aux

LaTeX Warning: Label `fig:sqlquery' multiply defined.

) (./textuais/capitulos/capitulo3.aux) (./textuais/capitulos/capitulo4.aux)
(./textuais/conclusao.aux) (./pos-textuais/apendices.aux))
\openout1 = `index.aux'.

LaTeX Font Info:    Checking defaults for OML/cmm/m/it on input line 171.
LaTeX Font Info:    ... okay on input line 171.
LaTeX Font Info:    Checking defaults for T1/cmr/m/n on input line 171.
LaTeX Font Info:    ... okay on input line 171.
LaTeX Font Info:    Checking defaults for OT1/cmr/m/n on input line 171.
LaTeX Font Info:    ... okay on input line 171.
LaTeX Font Info:    Checking defaults for OMS/cmsy/m/n on input line 171.
LaTeX Font Info:    ... okay on input line 171.
LaTeX Font Info:    Checking defaults for OMX/cmex/m/n on input line 171.
LaTeX Font Info:    ... okay on input line 171.
LaTeX Font Info:    Checking defaults for U/cmr/m/n on input line 171.
LaTeX Font Info:    ... okay on input line 171.
LaTeX Font Info:    Checking defaults for PD1/pdf/m/n on input line 171.
LaTeX Font Info:    ... okay on input line 171.
LaTeX Font Info:    Try loading font information for T1+phv on input line 171.

(/usr/share/texmf-dist/tex/latex/psnfss/t1phv.fd
File: t1phv.fd 2001/06/04 scalable font definitions for T1/phv.
)
\AtBeginShipoutBox=\box55
Package hyperref Info: Link coloring OFF on input line 171.

(/usr/share/texmf-dist/tex/latex/hyperref/nameref.sty
Package: nameref 2016/05/21 v2.44 Cross-referencing by name of section

(/usr/share/texmf-dist/tex/generic/oberdiek/gettitlestring.sty
Package: gettitlestring 2016/05/16 v1.5 Cleanup title references (HO)
)
\c@section@level=\count354
)
Redoing nameref's sectioning
Redoing nameref's label
LaTeX Info: Redefining \nameref on input line 171.
LaTeX Info: Redefining \ref on input line 171.
LaTeX Info: Redefining \pageref on input line 171.
LaTeX Info: Redefining \nameref on input line 171.
LaTeX Info: Redefining \degres on input line 171.
LaTeX Info: Redefining \dots on input line 171.
LaTeX Info: Redefining \up on input line 171.
\myptabbox=\box56
\myptabboxwidth=\skip270
Package lastpage Info: Please have a look at the pageslts package at
(lastpage)             https://www.ctan.org/pkg/pageslts
(lastpage)             ! on input line 171.
(/usr/share/texmf-dist/tex/context/base/mkii/supp-pdf.mkii
[Loading MPS to PDF converter (version 2006.09.02).]
\scratchcounter=\count355
\scratchdimen=\dimen272
\scratchbox=\box57
\nofMPsegments=\count356
\nofMParguments=\count357
\everyMPshowfont=\toks33
\MPscratchCnt=\count358
\MPscratchDim=\dimen273
\MPnumerator=\count359
\makeMPintoPDFobject=\count360
\everyMPtoPDFconversion=\toks34
) (/usr/share/texmf-dist/tex/latex/oberdiek/epstopdf-base.sty
Package: epstopdf-base 2016/05/15 v2.6 Base part for package epstopdf

(/usr/share/texmf-dist/tex/latex/oberdiek/grfext.sty
Package: grfext 2016/05/16 v1.2 Manage graphics extensions (HO)
)
Package epstopdf-base Info: Redefining graphics rule for `.eps' on input line 4
38.
Package grfext Info: Graphics extension search list:
(grfext)             [.pdf,.png,.jpg,.mps,.jpeg,.jbig2,.jb2,.PDF,.PNG,.JPG,.JPE
G,.JBIG2,.JB2,.eps]
(grfext)             \AppendGraphicsExtensions on input line 456.

(/usr/share/texmf-dist/tex/latex/latexconfig/epstopdf-sys.cfg
File: epstopdf-sys.cfg 2010/07/13 v1.3 Configuration of (r)epstopdf for TeX Liv
e
))
LaTeX Info: Redefining \microtypecontext on input line 171.
Package microtype Info: Generating PDF output.
Package microtype Info: Character protrusion enabled (level 2).
Package microtype Info: Using default protrusion set `alltext'.
Package microtype Info: Automatic font expansion enabled (level 2),
(microtype)             stretch: 20, shrink: 20, step: 1, non-selected.
Package microtype Info: Using default expansion set `basictext'.
Package microtype Info: No adjustment of tracking.
Package microtype Info: No adjustment of interword spacing.
Package microtype Info: No adjustment of character kerning.
Package microtype Info: Loading generic protrusion settings for font family
(microtype)             `phv' (encoding: T1).
(microtype)             For optimal results, create family-specific settings.
(microtype)             See the microtype manual for details.
Package caption Info: Begin \AtBeginDocument code.
Package caption Info: listings package is loaded.
Package caption Info: End \AtBeginDocument code.

(/usr/share/texmf-dist/tex/latex/oberdiek/pdflscape.sty
Package: pdflscape 2016/05/14 v0.11 Display of landscape pages in PDF (HO)

(/usr/share/texmf-dist/tex/latex/graphics/lscape.sty
Package: lscape 2000/10/22 v3.01 Landscape Pages (DPC)
)
Package pdflscape Info: Auto-detected driver: pdftex on input line 81.
)
\c@lstlisting=\count361
<imagens/facensLogo.jpg, id=4, 264.0264pt x 68.6565pt>
File: imagens/facensLogo.jpg Graphic file (type jpg)
<use imagens/facensLogo.jpg>
Package pdftex.def Info: imagens/facensLogo.jpg  used on input line 191.
(pdftex.def)             Requested size: 218.83566pt x 56.9055pt.
LaTeX Font Info:    Font shape `T1/phv/bx/n' in size <16> not available
(Font)              Font shape `T1/phv/b/n' tried instead on input line 191.
LaTeX Font Info:    Font shape `T1/phv/bx/n' in size <12> not available
(Font)              Font shape `T1/phv/b/n' tried instead on input line 191.
LaTeX Font Info:    Font shape `T1/phv/bx/n' in size <14.4> not available
(Font)              Font shape `T1/phv/b/n' tried instead on input line 191.
 [1

{/var/lib/texmf/fonts/map/pdftex/updmap/pdftex.map} <./imagens/facensLogo.jpg>]

Underfull \hbox (badness 1701) in paragraph at lines 200--200
[]\T1/phv/m/n/12 (+20) Trabalho de con-clu-são de curso apre-
 []


Underfull \hbox (badness 10000) in paragraph at lines 200--200

 []


Underfull \hbox (badness 10000) in paragraph at lines 200--200
\T1/phv/m/n/12 (+20) Orientadora: Ma. An-dréia Da-ma-sio
 []

LaTeX Font Info:    Try loading font information for OT1+lmr on input line 200.

(/usr/share/texmf-dist/tex/latex/lm/ot1lmr.fd
File: ot1lmr.fd 2009/10/30 v1.6 Font defs for Latin Modern
)
(/usr/share/texmf-dist/tex/latex/microtype/mt-cmr.cfg
File: mt-cmr.cfg 2013/05/19 v2.2 microtype config. file: Computer Modern Roman 
(RS)
)
LaTeX Font Info:    Try loading font information for OML+lmm on input line 200.


(/usr/share/texmf-dist/tex/latex/lm/omllmm.fd
File: omllmm.fd 2009/10/30 v1.6 Font defs for Latin Modern
)
LaTeX Font Info:    Try loading font information for OMS+lmsy on input line 200
.

(/usr/share/texmf-dist/tex/latex/lm/omslmsy.fd
File: omslmsy.fd 2009/10/30 v1.6 Font defs for Latin Modern
)
LaTeX Font Info:    Try loading font information for OMX+lmex on input line 200
.

(/usr/share/texmf-dist/tex/latex/lm/omxlmex.fd
File: omxlmex.fd 2009/10/30 v1.6 Font defs for Latin Modern
)
LaTeX Font Info:    External font `lmex10' loaded for size
(Font)              <12> on input line 200.
LaTeX Font Info:    External font `lmex10' loaded for size
(Font)              <8> on input line 200.
LaTeX Font Info:    External font `lmex10' loaded for size
(Font)              <6> on input line 200.
pdfTeX warning (ext4): destination with the same identifier (name{page.1}) has 
been already used, duplicate ignored
<to be read again> 
                   \relax 
l.200 
       [1



]

! Package pdfpages Error: Cannot find file `fichacatalografica.pdf'.

See the pdfpages package documentation for explanation.
Type  H <return>  for immediate help.
 ...                                              
                                                  
l.213      \includepdf{fichacatalografica.pdf}
                                              
This error message was generated by an \errmessage
command, so I can't give any explicit help.
Pretend that you're Hercule Poirot: Examine all clues,
and deduce the truth by order and method.

! Undefined control sequence.
\AM@checkpagenumber #1->\ifnum #1>\AM@pagecount 
                                                \relax \ifthenelse {\boolean...
l.213      \includepdf{fichacatalografica.pdf}
                                              
The control sequence at the end of the top line
of your error message was never \def'ed. If you have
misspelled it (e.g., `\hobx'), type `I' and the correct
spelling (e.g., `I\hbox'). Otherwise just continue,
and I'll forget about whatever was undefined.

! Missing number, treated as zero.
<to be read again> 
                   \relax 
l.213      \includepdf{fichacatalografica.pdf}
                                              
A number should have been here; I inserted `0'.
(If you can't figure out why I needed to see a number,
look up `weird error' in the index to The TeXbook.)


! Package pdfpages Error: Page 1 of `\AM@currentdocname ' does not exist.

See the pdfpages package documentation for explanation.
Type  H <return>  for immediate help.
 ...                                              
                                                  
l.213      \includepdf{fichacatalografica.pdf}
                                              
You have set a wrong page number in the `pages' option. Document 
`\AM@currentdocname ' does not have 1 pages.


! Package pdftex.def Error: File `\AM@currentdocname .pdf' not found: using dra
ft setting.

See the pdftex.def package documentation for explanation.
Type  H <return>  for immediate help.
 ...                                              
                                                  
l.213      \includepdf{fichacatalografica.pdf}
                                              
Try typing  <return>  to proceed.
If that doesn't work, type  X <return>  to quit.

LaTeX Font Info:    Try loading font information for T1+lmtt on input line 213.

(/usr/share/texmf-dist/tex/latex/lm/t1lmtt.fd
File: t1lmtt.fd 2009/10/30 v1.6 Font defs for Latin Modern
)
Package microtype Info: Loading generic protrusion settings for font family
(microtype)             `lmtt' (encoding: T1).
(microtype)             For optimal results, create family-specific settings.
(microtype)             See the microtype manual for details.


! Package pdftex.def Error: File `\AM@currentdocname .pdf' not found: using dra
ft setting.

See the pdftex.def package documentation for explanation.
Type  H <return>  for immediate help.
 ...                                              
                                                  
l.213      \includepdf{fichacatalografica.pdf}
                                              
Try typing  <return>  to proceed.
If that doesn't work, type  X <return>  to quit.


! Package pdftex.def Error: File `\AM@currentdocname .pdf' not found: using dra
ft setting.

See the pdftex.def package documentation for explanation.
Type  H <return>  for immediate help.
 ...                                              
                                                  
l.213      \includepdf{fichacatalografica.pdf}
                                              
Try typing  <return>  to proceed.
If that doesn't work, type  X <return>  to quit.


! Package pdftex.def Error: File `\AM@currentdocname .pdf' not found: using dra
ft setting.

See the pdftex.def package documentation for explanation.
Type  H <return>  for immediate help.
 ...                                              
                                                  
l.213      \includepdf{fichacatalografica.pdf}
                                              
Try typing  <return>  to proceed.
If that doesn't work, type  X <return>  to quit.


! Package pdftex.def Error: File `\AM@currentdocname .pdf' not found: using dra
ft setting.

See the pdftex.def package documentation for explanation.
Type  H <return>  for immediate help.
 ...                                              
                                                  
l.213      \includepdf{fichacatalografica.pdf}
                                              
Try typing  <return>  to proceed.
If that doesn't work, type  X <return>  to quit.

[2]
\openout2 = `pre-textuais/agradecimentos.aux'.

 (./pre-textuais/agradecimentos.tex
LaTeX Font Info:    Font shape `T1/phv/m/it' in size <12> not available
(Font)              Font shape `T1/phv/m/sl' tried instead on input line 6.
 [3


])
\openout2 = `pre-textuais/agradecimentosgabs.aux'.


(./pre-textuais/agradecimentosgabs.tex [4




])
\openout2 = `pre-textuais/epigrafe.aux'.

 (./pre-textuais/epigrafe.tex
[5



])
\openout2 = `pre-textuais/resumo/pt_Br.aux'.

 (./pre-textuais/resumo/pt_Br.tex [6



])
\openout2 = `pre-textuais/resumo/en.aux'.

 (./pre-textuais/resumo/en.tex
[7



])
\openout2 = `pre-textuais/lista-ilustracoes.aux'.

 (./pre-textuais/lista-ilustracoes.tex (./index.lof) [8



])
\openout2 = `pre-textuais/lista-abreviaturas-siglas.aux'.


(./pre-textuais/lista-abreviaturas-siglas.tex [9




])
\openout2 = `pre-textuais/sumario.aux'.

 (./pre-textuais/sumario.tex
(./index.toc
Overfull \hbox (4.54115pt too wide) in paragraph at lines 12--12
 [][] [][]\T1/phv/b/n/12 INTERNET DAS COI-SAS APLI-CA-ÇÕES EM MO-BI-LI-DADE UR-
BANA 
 []

[10



]
LaTeX Font Info:    Font shape `T1/phv/bx/it' in size <12> not available
(Font)              Font shape `T1/phv/b/it' tried instead on input line 78.
LaTeX Font Info:    Font shape `T1/phv/b/it' in size <12> not available
(Font)              Font shape `T1/phv/b/sl' tried instead on input line 78.
) [11])
\openout2 = `textuais/introducao.aux'.

 (./textuais/introducao.tex

LaTeX Warning: Citation `chevrolet' on page 12 undefined on input line 3.

[12




]) [13]
\openout2 = `textuais/capitulos/capitulo1.aux'.

 (./textuais/capitulos/capitulo1.tex

LaTeX Warning: Citation `historiaiot' on page 14 undefined on input line 3.

<imagens/graficoIot2011-2025.png, id=269, 450.18187pt x 282.30469pt>
File: imagens/graficoIot2011-2025.png Graphic file (type png)
<use imagens/graficoIot2011-2025.png>
Package pdftex.def Info: imagens/graficoIot2011-2025.png  used on input line 8.

(pdftex.def)             Requested size: 355.63979pt x 223.01825pt.
LaTeX Font Info:    Font shape `T1/phv/bx/n' in size <10> not available
(Font)              Font shape `T1/phv/b/n' tried instead on input line 10.

LaTeX Warning: Citation `ihs2013' on page 14 undefined on input line 10.


LaTeX Warning: Citation `ihs2013' on page 14 undefined on input line 10.


LaTeX Warning: Citation `ihs2013' on page 14 undefined on input line 10.


LaTeX Warning: Citation `ihs2013' on page 14 undefined on input line 10.


LaTeX Warning: Citation `santaella2013' on page 14 undefined on input line 13.


LaTeX Warning: Citation `santaella2013' on page 14 undefined on input line 17.

[14



 <./imagens/graficoIot2011-2025.png>]

LaTeX Warning: Citation `presser2011' on page 15 undefined on input line 20.


LaTeX Warning: Citation `ihs2013' on page 15 undefined on input line 23.

<imagens/fluxogramaiot.png, id=275, 532.99126pt x 259.7203pt>
File: imagens/fluxogramaiot.png Graphic file (type png)
<use imagens/fluxogramaiot.png>
Package pdftex.def Info: imagens/fluxogramaiot.png  used on input line 28.
(pdftex.def)             Requested size: 399.74246pt x 194.78975pt.

LaTeX Warning: Citation `ihs2013' on page 15 undefined on input line 30.


LaTeX Warning: Citation `ihs2013' on page 15 undefined on input line 30.


LaTeX Warning: Citation `ihs2013' on page 15 undefined on input line 30.


LaTeX Warning: Citation `ihs2013' on page 15 undefined on input line 30.


LaTeX Warning: Citation `presser2011' on page 15 undefined on input line 33.

[15 <./imagens/fluxogramaiot.png>]
<imagens/exemploemergenciasiot.png, id=281, 699.36281pt x 1057.70157pt>
File: imagens/exemploemergenciasiot.png Graphic file (type png)
<use imagens/exemploemergenciasiot.png>
Package pdftex.def Info: imagens/exemploemergenciasiot.png  used on input line 
40.
(pdftex.def)             Requested size: 279.74016pt x 423.07314pt.


LaTeX Warning: Citation `presser2011' on page 16 undefined on input line 42.


LaTeX Warning: Citation `presser2011' on page 16 undefined on input line 42.


LaTeX Warning: Citation `presser2011' on page 16 undefined on input line 42.


LaTeX Warning: Citation `presser2011' on page 16 undefined on input line 42.


LaTeX Warning: Citation `ihs2013' on page 16 undefined on input line 45.

[16 <./imagens/exemploemergenciasiot.png>]
<imagens/estruturaiot.jpg, id=287, 652.76129pt x 355.91032pt>
File: imagens/estruturaiot.jpg Graphic file (type jpg)
<use imagens/estruturaiot.jpg>
Package pdftex.def Info: imagens/estruturaiot.jpg  used on input line 50.
(pdftex.def)             Requested size: 424.28981pt x 231.33896pt.


LaTeX Warning: Citation `ihs2013' on page 17 undefined on input line 52.


LaTeX Warning: Citation `ihs2013' on page 17 undefined on input line 52.


LaTeX Warning: Citation `ihs2013' on page 17 undefined on input line 52.


LaTeX Warning: Citation `ihs2013' on page 17 undefined on input line 52.


LaTeX Warning: Citation `leite2012cidades' on page 17 undefined on input line 5
7.

<imagens/crescimentopopulacional.png, id=289, 931.48pt x 545.03625pt>
File: imagens/crescimentopopulacional.png Graphic file (type png)
<use imagens/crescimentopopulacional.png>
Package pdftex.def Info: imagens/crescimentopopulacional.png  used on input lin
e 62.
(pdftex.def)             Requested size: 465.73886pt x 272.51746pt.

Overfull \hbox (10.73886pt too wide) in paragraph at lines 62--63
 [] 
 []


LaTeX Warning: Citation `revistavia' on page 17 undefined on input line 64.


LaTeX Warning: Citation `revistavia' on page 17 undefined on input line 64.


LaTeX Warning: Citation `revistavia' on page 17 undefined on input line 64.


LaTeX Warning: Citation `revistavia' on page 17 undefined on input line 64.


LaTeX Warning: `!h' float specifier changed to `!ht'.


LaTeX Warning: Citation `leite2012cidades' on page 17 undefined on input line 6
7.

[17 <./imagens/estruturaiot.jpg>]

LaTeX Warning: Citation `smartcities2017' on page 18 undefined on input line 70
.


LaTeX Warning: Citation `gonccalomodelo' on page 18 undefined on input line 75.



LaTeX Warning: Citation `gonccalomodelo' on page 18 undefined on input line 75.



LaTeX Warning: Citation `convergenciadigital' on page 18 undefined on input lin
e 79.

[18 <./imagens/crescimentopopulacional.png>]

LaTeX Warning: Citation `convergenciadigital' on page 19 undefined on input lin
e 81.

<imagens/v2v.png, id=300, 843.15pt x 524.96124pt>
File: imagens/v2v.png Graphic file (type png)
<use imagens/v2v.png>
Package pdftex.def Info: imagens/v2v.png  used on input line 90.
(pdftex.def)             Requested size: 337.25401pt x 209.98077pt.

LaTeX Warning: Citation `report2013' on page 19 undefined on input line 92.


LaTeX Warning: Citation `report2013' on page 19 undefined on input line 92.


LaTeX Warning: Citation `report2013' on page 19 undefined on input line 92.


LaTeX Warning: Citation `report2013' on page 19 undefined on input line 92.


LaTeX Warning: Citation `usdot' on page 19 undefined on input line 97.

[19 <./imagens/v2v.png>]

LaTeX Warning: Citation `howard2014' on page 20 undefined on input line 101.


LaTeX Warning: Citation `howard2014' on page 20 undefined on input line 103.


LaTeX Warning: Citation `tecmundo' on page 20 undefined on input line 107.

[20]

LaTeX Warning: Citation `wendling2010' on page 21 undefined on input line 119.


LaTeX Warning: Citation `wendling2010' on page 21 undefined on input line 123.

) [21]
\openout2 = `textuais/capitulos/capitulo2.aux'.

 (./textuais/capitulos/capitulo2.tex

LaTeX Warning: Citation `sinha2014making' on page 22 undefined on input line 3.



LaTeX Warning: Citation `sinha2014making' on page 22 undefined on input line 31
.


LaTeX Warning: Citation `sinha2014making' on page 22 undefined on input line 31
.


LaTeX Warning: Citation `sinha2014making' on page 22 undefined on input line 31
.


LaTeX Warning: Citation `sinha2014making' on page 22 undefined on input line 31
.


LaTeX Warning: Citation `navegg' on page 22 undefined on input line 33.


LaTeX Warning: Citation `sinha2014making' on page 22 undefined on input line 35
.

[22



]

LaTeX Warning: Citation `navegg' on page 23 undefined on input line 37.


LaTeX Warning: Citation `leigos' on page 23 undefined on input line 43.

[23]

LaTeX Warning: Citation `relacional' on page 24 undefined on input line 55.

<imagens/modelorelacional.png, id=327, 669.50125pt x 418.56375pt>
File: imagens/modelorelacional.png Graphic file (type png)
<use imagens/modelorelacional.png>
Package pdftex.def Info: imagens/modelorelacional.png  used on input line 60.
(pdftex.def)             Requested size: 374.91815pt x 234.39409pt.

LaTeX Warning: Citation `sqlquery' on page 24 undefined on input line 68.

[24 <./imagens/modelorelacional.png>]
LaTeX Font Info:    Font shape `T1/phv/m/it' in size <10> not available
(Font)              Font shape `T1/phv/m/sl' tried instead on input line 71.
<imagens/sqlquery.png, id=334, 742.775pt x 39.14626pt>
File: imagens/sqlquery.png Graphic file (type png)
<use imagens/sqlquery.png>
Package pdftex.def Info: imagens/sqlquery.png  used on input line 73.
(pdftex.def)             Requested size: 371.38658pt x 19.57307pt.


LaTeX Warning: Citation `datawarehouse' on page 25 undefined on input line 85.

<imagens/datawarehouse.png, id=336, 715.67375pt x 396.48125pt>
File: imagens/datawarehouse.png Graphic file (type png)
<use imagens/datawarehouse.png>
Package pdftex.def Info: imagens/datawarehouse.png  used on input line 90.
(pdftex.def)             Requested size: 429.40756pt x 237.89058pt.

LaTeX Warning: Citation `datawarehouse' on page 25 undefined on input line 92.


LaTeX Warning: Citation `datawarehouse' on page 25 undefined on input line 92.


LaTeX Warning: Citation `datawarehouse' on page 25 undefined on input line 92.


LaTeX Warning: Citation `datawarehouse' on page 25 undefined on input line 92.

[25 <./imagens/sqlquery.png>]

LaTeX Warning: Citation `bdoo' on page 26 undefined on input line 97.


LaTeX Warning: Citation `leigos' on page 26 undefined on input line 101.


LaTeX Warning: Citation `metadados' on page 26 undefined on input line 105.

[26 <./imagens/datawarehouse.png>]

LaTeX Warning: Citation `leigos' on page 27 undefined on input line 113.

[27]

LaTeX Warning: Citation `forbes' on page 28 undefined on input line 121.


LaTeX Warning: Citation `forbes' on page 28 undefined on input line 123.


LaTeX Warning: Citation `forbes' on page 28 undefined on input line 128.


LaTeX Warning: Citation `forbes' on page 28 undefined on input line 131.


LaTeX Warning: Citation `forbes' on page 28 undefined on input line 135.


LaTeX Warning: Citation `forbes' on page 28 undefined on input line 139.

[28]

LaTeX Warning: Citation `forbes' on page 29 undefined on input line 143.


LaTeX Warning: Citation `realtime' on page 29 undefined on input line 152.

[29]

LaTeX Warning: Citation `realtime' on page 30 undefined on input line 162.


LaTeX Warning: Citation `hadoop' on page 30 undefined on input line 165.


LaTeX Warning: Citation `hadoopessentials' on page 30 undefined on input line 1
67.

LaTeX Font Info:    Try loading font information for OMS+phv on input line 170.

(/usr/share/texmf-dist/tex/latex/psnfss/omsphv.fd
File: omsphv.fd 
)
LaTeX Font Info:    Font shape `OMS/phv/m/n' in size <12> not available
(Font)              Font shape `OMS/cmsy/m/n' tried instead on input line 170.
<imagens/hadoop_int.jpg, id=358, 803.55653pt x 568.14238pt>
File: imagens/hadoop_int.jpg Graphic file (type jpg)
<use imagens/hadoop_int.jpg>
Package pdftex.def Info: imagens/hadoop_int.jpg  used on input line 177.
(pdftex.def)             Requested size: 401.77728pt x 284.0705pt.


LaTeX Warning: Citation `hadoopessentials' on page 30 undefined on input line 1
79.


LaTeX Warning: Citation `hadoopessentials' on page 30 undefined on input line 1
79.


LaTeX Warning: Citation `hadoopessentials' on page 30 undefined on input line 1
79.


LaTeX Warning: Citation `hadoopessentials' on page 30 undefined on input line 1
79.

[30]

LaTeX Warning: Citation `hadoopessentials' on page 31 undefined on input line 1
87.

<imagens/hadoop_flow.png, id=366, 943.525pt x 491.8375pt>
File: imagens/hadoop_flow.png Graphic file (type png)
<use imagens/hadoop_flow.png>
Package pdftex.def Info: imagens/hadoop_flow.png  used on input line 192.
(pdftex.def)             Requested size: 424.58232pt x 221.32481pt.

LaTeX Warning: Citation `hadoopessentials' on page 31 undefined on input line 1
94.


LaTeX Warning: Citation `hadoopessentials' on page 31 undefined on input line 1
94.


LaTeX Warning: Citation `hadoopessentials' on page 31 undefined on input line 1
94.


LaTeX Warning: Citation `hadoopessentials' on page 31 undefined on input line 1
94.


LaTeX Warning: `!h' float specifier changed to `!ht'.

[31 <./imagens/hadoop_int.jpg>]

LaTeX Warning: Citation `sparkstreaming' on page 32 undefined on input line 206
.

<imagens/spark_streaming.png, id=372, 669.50125pt x 222.8325pt>
File: imagens/spark_streaming.png Graphic file (type png)
<use imagens/spark_streaming.png>
Package pdftex.def Info: imagens/spark_streaming.png  used on input line 211.
(pdftex.def)             Requested size: 401.70384pt x 133.70053pt.

LaTeX Warning: Citation `sparkstreaming' on page 32 undefined on input line 213
.


LaTeX Warning: Citation `sparkstreaming' on page 32 undefined on input line 213
.


LaTeX Warning: Citation `sparkstreaming' on page 32 undefined on input line 213
.


LaTeX Warning: Citation `sparkstreaming' on page 32 undefined on input line 213
.


LaTeX Warning: `!h' float specifier changed to `!ht'.

[32 <./imagens/hadoop_flow.png (PNG copy)>]
<imagens/spark_dstream.png, id=378, 1094.0875pt x 126.4725pt>
File: imagens/spark_dstream.png Graphic file (type png)
<use imagens/spark_dstream.png>
Package pdftex.def Info: imagens/spark_dstream.png  used on input line 221.
(pdftex.def)             Requested size: 437.62724pt x 50.58809pt.


LaTeX Warning: Citation `sparkstreaming' on page 33 undefined on input line 223
.


LaTeX Warning: Citation `sparkstreaming' on page 33 undefined on input line 223
.


LaTeX Warning: Citation `sparkstreaming' on page 33 undefined on input line 223
.


LaTeX Warning: Citation `sparkstreaming' on page 33 undefined on input line 223
.


LaTeX Warning: Citation `case' on page 33 undefined on input line 230.

[33 <./imagens/spark_streaming.png> <./imagens/spark_dstream.png (PNG copy)>])
[34]
\openout2 = `textuais/capitulos/capitulo3.aux'.

 (./textuais/capitulos/capitulo3.tex

LaTeX Warning: Citation `newman2015building' on page 35 undefined on input line
 9.

<imagens/cqrs.png, id=389, 702.625pt x 500.87125pt>
File: imagens/cqrs.png Graphic file (type png)
<use imagens/cqrs.png>
Package pdftex.def Info: imagens/cqrs.png  used on input line 17.
(pdftex.def)             Requested size: 351.31163pt x 250.435pt.

LaTeX Warning: Citation `cqrs' on page 35 undefined on input line 19.


LaTeX Warning: Citation `cqrs' on page 35 undefined on input line 19.


LaTeX Warning: Citation `cqrs' on page 35 undefined on input line 19.


LaTeX Warning: Citation `cqrs' on page 35 undefined on input line 19.


LaTeX Warning: `!h' float specifier changed to `!ht'.


LaTeX Warning: Citation `cqrs' on page 35 undefined on input line 22.

[35



]

LaTeX Warning: Citation `docker' on page 36 undefined on input line 28.

[36 <./imagens/cqrs.png>]
<imagens/arqdocker.png, id=401, 634.37pt x 452.69125pt>
File: imagens/arqdocker.png Graphic file (type png)
<use imagens/arqdocker.png>
Package pdftex.def Info: imagens/arqdocker.png  used on input line 33.
(pdftex.def)             Requested size: 253.7435pt x 181.07329pt.


LaTeX Warning: Citation `docker' on page 37 undefined on input line 35.


LaTeX Warning: Citation `docker' on page 37 undefined on input line 35.


LaTeX Warning: Citation `docker' on page 37 undefined on input line 35.


LaTeX Warning: Citation `docker' on page 37 undefined on input line 35.


LaTeX Warning: Citation `docker' on page 37 undefined on input line 38.


LaTeX Warning: Citation `docker' on page 37 undefined on input line 41.

[37 <./imagens/arqdocker.png>]
<imagens/dockerswarm.png, id=408, 665.48625pt x 312.16624pt>
File: imagens/dockerswarm.png Graphic file (type png)
<use imagens/dockerswarm.png>
Package pdftex.def Info: imagens/dockerswarm.png  used on input line 49.
(pdftex.def)             Requested size: 332.74231pt x 156.08273pt.


LaTeX Warning: Citation `dockerswarm' on page 38 undefined on input line 51.


LaTeX Warning: Citation `dockerswarm' on page 38 undefined on input line 51.


LaTeX Warning: Citation `dockerswarm' on page 38 undefined on input line 51.


LaTeX Warning: Citation `dockerswarm' on page 38 undefined on input line 51.


LaTeX Warning: Citation `dockerswarm' on page 38 undefined on input line 55.

<imagens/ecossistemadocker.png, id=410, 555.07375pt x 440.64626pt>
File: imagens/ecossistemadocker.png Graphic file (type png)
<use imagens/ecossistemadocker.png>
Package pdftex.def Info: imagens/ecossistemadocker.png  used on input line 60.
(pdftex.def)             Requested size: 333.0468pt x 264.38979pt.

LaTeX Warning: Citation `dockerswarm' on page 38 undefined on input line 62.


LaTeX Warning: Citation `dockerswarm' on page 38 undefined on input line 62.


LaTeX Warning: Citation `dockerswarm' on page 38 undefined on input line 62.


LaTeX Warning: Citation `dockerswarm' on page 38 undefined on input line 62.


LaTeX Warning: `!h' float specifier changed to `!ht'.


LaTeX Warning: Citation `da2015redis' on page 38 undefined on input line 67.

[38 <./imagens/dockerswarm.png (PNG copy)>]

LaTeX Warning: Citation `hickey2010clojure' on page 39 undefined on input line 
72.

[39 <./imagens/ecossistemadocker.png>]
<imagens/kafkatopicos.png, id=422, 913.4125pt x 407.5225pt>
File: imagens/kafkatopicos.png Graphic file (type png)
<use imagens/kafkatopicos.png>
Package pdftex.def Info: imagens/kafkatopicos.png  used on input line 82.
(pdftex.def)             Requested size: 456.70514pt x 203.76074pt.

Overfull \hbox (1.70514pt too wide) in paragraph at lines 82--83
 [] 
 []


LaTeX Warning: Citation `kafka' on page 40 undefined on input line 84.


LaTeX Warning: Citation `kafka' on page 40 undefined on input line 84.


LaTeX Warning: Citation `kafka' on page 40 undefined on input line 84.


LaTeX Warning: Citation `kafka' on page 40 undefined on input line 84.


LaTeX Warning: `!h' float specifier changed to `!ht'.


LaTeX Warning: Citation `kafka' on page 40 undefined on input line 87.

<imagens/kafkaproducao.png, id=424, 692.5875pt x 491.8375pt>
File: imagens/kafkaproducao.png Graphic file (type png)
<use imagens/kafkaproducao.png>
Package pdftex.def Info: imagens/kafkaproducao.png  used on input line 92.
(pdftex.def)             Requested size: 415.5557pt x 295.10477pt.

LaTeX Warning: Citation `kafka' on page 40 undefined on input line 94.


LaTeX Warning: Citation `kafka' on page 40 undefined on input line 94.


LaTeX Warning: Citation `kafka' on page 40 undefined on input line 94.


LaTeX Warning: Citation `kafka' on page 40 undefined on input line 94.


LaTeX Warning: `!h' float specifier changed to `!ht'.

[40]

LaTeX Warning: Text page 41 contains only floats.

[41 <./imagens/kafkatopicos.png (PNG copy)> <./imagens/kafkaproducao.png (PNG c
opy)>]

LaTeX Warning: Citation `chodorow2013mongodb' on page 42 undefined on input lin
e 100.


LaTeX Warning: Citation `datomic' on page 42 undefined on input line 105.

LaTeX Font Info:    Try loading font information for T1+pcr on input line 109.
(/usr/share/texmf-dist/tex/latex/psnfss/t1pcr.fd
File: t1pcr.fd 2001/06/04 font definitions for T1/pcr.
)
Package microtype Info: Loading generic protrusion settings for font family
(microtype)             `pcr' (encoding: T1).
(microtype)             For optimal results, create family-specific settings.
(microtype)             See the microtype manual for details.


LaTeX Warning: Citation `datomic' on page 42 undefined on input line 118.


LaTeX Warning: Citation `datomic' on page 42 undefined on input line 118.


LaTeX Warning: Citation `datomic' on page 42 undefined on input line 118.


LaTeX Warning: Citation `datomic' on page 42 undefined on input line 118.


LaTeX Warning: Citation `locust' on page 42 undefined on input line 122.

[42]

LaTeX Warning: Citation `dockerswarm' on page 43 undefined on input line 125.

LaTeX Font Info:    External font `lmex10' loaded for size
(Font)              <10> on input line 133.
LaTeX Font Info:    External font `lmex10' loaded for size
(Font)              <7> on input line 133.
LaTeX Font Info:    External font `lmex10' loaded for size
(Font)              <5> on input line 133.
[43] [44]
<imagens/insert.png, id=490, 815.045pt x 274.02374pt>
File: imagens/insert.png Graphic file (type png)
<use imagens/insert.png>
Package pdftex.def Info: imagens/insert.png  used on input line 190.
(pdftex.def)             Requested size: 407.5215pt x 137.01154pt.


LaTeX Warning: `!h' float specifier changed to `!ht'.

<imagens/select.png, id=491, 1042.89626pt x 240.9pt>
File: imagens/select.png Graphic file (type png)
<use imagens/select.png>
Package pdftex.def Info: imagens/select.png  used on input line 198.
(pdftex.def)             Requested size: 417.15112pt x 96.35828pt.

LaTeX Warning: `!h' float specifier changed to `!ht'.

<imagens/estruturageral.png, id=492, 787.94376pt x 405.515pt>
File: imagens/estruturageral.png Graphic file (type png)
<use imagens/estruturageral.png>
Package pdftex.def Info: imagens/estruturageral.png  used on input line 206.
(pdftex.def)             Requested size: 393.97092pt x 202.75699pt.

LaTeX Warning: `!h' float specifier changed to `!ht'.

) [45] [46 <./imagens/insert.png (PNG copy)> <./imagens/select.png (PNG copy)> 
<./imagens/estruturageral.png (PNG copy)>]
\openout2 = `textuais/capitulos/capitulo4.aux'.

 (./textuais/capitulos/capitulo4.tex
[47



]
<imagens/dockerps.png, id=511, 1370.11874pt x 404.51125pt>
File: imagens/dockerps.png Graphic file (type png)
<use imagens/dockerps.png>
Package pdftex.def Info: imagens/dockerps.png  used on input line 20.
(pdftex.def)             Requested size: 411.03879pt x 121.35431pt.
 [48 <./imagens/dockerps.png>]
<imagens/prototipo.png, id=520, 1371.1225pt x 770.88pt>
File: imagens/prototipo.png Graphic file (type png)
<use imagens/prototipo.png>
Package pdftex.def Info: imagens/prototipo.png  used on input line 30.
(pdftex.def)             Requested size: 411.33992pt x 231.26578pt.
 [49 <./imagens/prototipo.png>]
<imagens/dadosmongo2.png, id=529, 1166.3575pt x 731.73375pt>
File: imagens/dadosmongo2.png Graphic file (type png)
<use imagens/dadosmongo2.png>
Package pdftex.def Info: imagens/dadosmongo2.png  used on input line 44.
(pdftex.def)             Requested size: 408.23125pt x 256.11064pt.
<imagens/dadosdatomic2.png, id=530, 1349.04pt x 650.43pt>
File: imagens/dadosdatomic2.png Graphic file (type png)
<use imagens/dadosdatomic2.png>
Package pdftex.def Info: imagens/dadosdatomic2.png  used on input line 52.
(pdftex.def)             Requested size: 404.71512pt x 195.1305pt.
 [50 <./imagens/dadosmongo2.png> <./imagens/dadosdatomic2.png>]
Overfull \hbox (10.34805pt too wide) in paragraph at lines 64--98
 [][] 
 []

<imagens/graficoresultado.png, id=540, 1181.16281pt x 435.12563pt>
File: imagens/graficoresultado.png Graphic file (type png)
<use imagens/graficoresultado.png>
Package pdftex.def Info: imagens/graficoresultado.png  used on input line 103.
(pdftex.def)             Requested size: 448.84654pt x 165.34944pt.

LaTeX Warning: `!h' float specifier changed to `!ht'.

[51]) [52 <./imagens/graficoresultado.png (PNG copy)>] [53]
\openout2 = `textuais/conclusao.aux'.


(./textuais/conclusao.tex [54



]) [55]
No file index.bbl.
\openout2 = `pos-textuais/apendices.aux'.

(./pos-textuais/apendices.tex
LaTeX Font Info:    Font shape `T1/phv/bx/it' in size <14.4> not available
(Font)              Font shape `T1/phv/b/it' tried instead on input line 8.
LaTeX Font Info:    Font shape `T1/phv/b/it' in size <14.4> not available
(Font)              Font shape `T1/phv/b/sl' tried instead on input line 8.
 [56



] [57

] [58

] [59

]) [60]
No file index.ind.

AED: lastpage setting LastPage
\tf@lof=\write5
\openout5 = `index.lof'.

\tf@toc=\write6
\openout6 = `index.toc'.

Package atveryend Info: Empty hook `BeforeClearDocument' on input line 425.
Package atveryend Info: Empty hook `AfterLastShipout' on input line 425.
(./index.aux (./pre-textuais/agradecimentos.aux)
(./pre-textuais/agradecimentosgabs.aux) (./pre-textuais/epigrafe.aux)
(./pre-textuais/resumo/pt_Br.aux) (./pre-textuais/resumo/en.aux)
(./pre-textuais/lista-ilustracoes.aux)
(./pre-textuais/lista-abreviaturas-siglas.aux) (./pre-textuais/sumario.aux)
(./textuais/introducao.aux) (./textuais/capitulos/capitulo1.aux)
(./textuais/capitulos/capitulo2.aux) (./textuais/capitulos/capitulo3.aux)
(./textuais/capitulos/capitulo4.aux) (./textuais/conclusao.aux)
(./pos-textuais/apendices.aux))
Package atveryend Info: Executing hook `AtVeryEndDocument' on input line 425.
Package atveryend Info: Empty hook `AtEndAfterFileList' on input line 425.


LaTeX Warning: There were undefined references.


LaTeX Warning: There were multiply-defined labels.

Package atveryend Info: Empty hook `AtVeryVeryEnd' on input line 425.
 ) 
Here is how much of TeX's memory you used:
 27605 strings out of 492623
 463232 string characters out of 6135669
 815709 words of memory out of 5000000
 30452 multiletter control sequences out of 15000+600000
 607866 words of font info for 246 fonts, out of 8000000 for 9000
 1141 hyphenation exceptions out of 8191
 46i,17n,63p,1458b,1997s stack positions out of 5000i,500n,10000p,200000b,80000s
{/usr/share/texmf-dist/fonts/enc/dvips/lm/lm-mathsy.enc}{/usr/share/texmf-dis
t/fonts/enc/dvips/base/8r.enc}{/usr/share/texmf-dist/fonts/enc/dvips/lm/lm-ec.e
nc}</usr/share/texmf-dist/fonts/type1/public/amsfonts/cm/cmsy10.pfb></usr/share
/texmf-dist/fonts/type1/public/lm/lmsy10.pfb></usr/share/texmf-dist/fonts/type1
/public/lm/lmtt10.pfb></usr/share/texmf-dist/fonts/type1/urw/courier/ucrr8a.pfb
></usr/share/texmf-dist/fonts/type1/urw/helvetic/uhvb8a.pfb></usr/share/texmf-d
ist/fonts/type1/urw/helvetic/uhvbo8a.pfb></usr/share/texmf-dist/fonts/type1/urw
/helvetic/uhvr8a.pfb></usr/share/texmf-dist/fonts/type1/urw/helvetic/uhvro8a.pf
b>
Output written on index.pdf (61 pages, 3578318 bytes).
PDF statistics:
 1092 PDF objects out of 1200 (max. 8388607)
 976 compressed objects within 10 object streams
 385 named destinations out of 1000 (max. 500000)
 36549 words of extra memory for PDF output out of 42996 (max. 10000000)

